<?xml version="1.0" encoding="UTF-8"?>
<testng-results ignored="0" total="1" passed="1" failed="0" skipped="0">
  <reporter-output>
  </reporter-output>
  <suite started-at="2025-03-19T21:52:56 GMT-07:00" name="Default suite" finished-at="2025-03-19T21:53:13 GMT-07:00" duration-ms="16743">
    <groups>
    </groups>
    <test started-at="2025-03-19T21:52:56 GMT-07:00" name="Default test" finished-at="2025-03-19T21:53:13 GMT-07:00" duration-ms="16743">
      <class name="MedizenSoftAdminLogin.ReportsbetweendateTest">
        <test-method is-config="true" signature="beforeSuite()[pri:0, instance:MedizenSoftAdminLogin.ReportsbetweendateTest@9597028]" started-at="2025-03-19T21:52:56 GMT-07:00" name="beforeSuite" finished-at="2025-03-19T21:52:56 GMT-07:00" duration-ms="18" status="PASS">
          <reporter-output>
          </reporter-output>
        </test-method> <!-- beforeSuite -->
        <test-method is-config="true" signature="beforeclass()[pri:0, instance:MedizenSoftAdminLogin.ReportsbetweendateTest@9597028]" started-at="2025-03-19T21:52:56 GMT-07:00" name="beforeclass" finished-at="2025-03-19T21:53:01 GMT-07:00" duration-ms="4655" status="PASS">
          <reporter-output>
          </reporter-output>
        </test-method> <!-- beforeclass -->
        <test-method is-config="true" signature="beforemethod()[pri:0, instance:MedizenSoftAdminLogin.ReportsbetweendateTest@9597028]" started-at="2025-03-19T21:53:01 GMT-07:00" name="beforemethod" finished-at="2025-03-19T21:53:04 GMT-07:00" duration-ms="3597" status="PASS">
          <reporter-output>
          </reporter-output>
        </test-method> <!-- beforemethod -->
        <test-method signature="getreportbetweendate()[pri:0, instance:MedizenSoftAdminLogin.ReportsbetweendateTest@9597028]" started-at="2025-03-19T21:53:04 GMT-07:00" name="getreportbetweendate" finished-at="2025-03-19T21:53:08 GMT-07:00" duration-ms="3575" status="PASS">
          <reporter-output>
          </reporter-output>
        </test-method> <!-- getreportbetweendate -->
        <test-method is-config="true" signature="afterMethod()[pri:0, instance:MedizenSoftAdminLogin.ReportsbetweendateTest@9597028]" started-at="2025-03-19T21:53:08 GMT-07:00" name="afterMethod" finished-at="2025-03-19T21:53:13 GMT-07:00" duration-ms="4799" status="PASS">
          <reporter-output>
          </reporter-output>
        </test-method> <!-- afterMethod -->
        <test-method is-config="true" signature="afterClass()[pri:0, instance:MedizenSoftAdminLogin.ReportsbetweendateTest@9597028]" started-at="2025-03-19T21:53:13 GMT-07:00" name="afterClass" finished-at="2025-03-19T21:53:13 GMT-07:00" duration-ms="72" status="PASS">
          <reporter-output>
          </reporter-output>
        </test-method> <!-- afterClass -->
        <test-method is-config="true" signature="afterSuite()[pri:0, instance:MedizenSoftAdminLogin.ReportsbetweendateTest@9597028]" started-at="2025-03-19T21:53:13 GMT-07:00" name="afterSuite" finished-at="2025-03-19T21:53:13 GMT-07:00" duration-ms="1" status="PASS">
          <reporter-output>
          </reporter-output>
        </test-method> <!-- afterSuite -->
      </class> <!-- MedizenSoftAdminLogin.ReportsbetweendateTest -->
    </test> <!-- Default test -->
  </suite> <!-- Default suite -->
</testng-results>
